[2024-08-28T12:49:31.808+0000] {local_task_job_runner.py:123} INFO - ::group::Pre task execution logs
[2024-08-28T12:49:31.817+0000] {taskinstance.py:2603} INFO - Dependencies all met for dep_context=non-requeueable deps ti=<TaskInstance: tutorial_taskflow_api.load manual__2024-08-28T12:49:26.813060+00:00 [queued]>
[2024-08-28T12:49:31.821+0000] {taskinstance.py:2603} INFO - Dependencies all met for dep_context=requeueable deps ti=<TaskInstance: tutorial_taskflow_api.load manual__2024-08-28T12:49:26.813060+00:00 [queued]>
[2024-08-28T12:49:31.821+0000] {taskinstance.py:2856} INFO - Starting attempt 1 of 1
[2024-08-28T12:49:31.829+0000] {taskinstance.py:2879} INFO - Executing <Task(_PythonDecoratedOperator): load> on 2024-08-28 12:49:26.813060+00:00
[2024-08-28T12:49:31.833+0000] {warnings.py:112} WARNING - /home/***/.local/lib/python3.12/site-packages/***/task/task_runner/standard_task_runner.py:70: DeprecationWarning: This process (pid=189) is multi-threaded, use of fork() may lead to deadlocks in the child.
  pid = os.fork()

[2024-08-28T12:49:31.834+0000] {standard_task_runner.py:72} INFO - Started process 191 to run task
[2024-08-28T12:49:31.835+0000] {standard_task_runner.py:104} INFO - Running: ['***', 'tasks', 'run', 'tutorial_taskflow_api', 'load', 'manual__2024-08-28T12:49:26.813060+00:00', '--job-id', '5', '--raw', '--subdir', '/home/***/.local/lib/python3.12/site-packages/***/example_dags/tutorial_taskflow_api.py', '--cfg-path', '/tmp/tmpjbg6c5qa']
[2024-08-28T12:49:31.835+0000] {standard_task_runner.py:105} INFO - Job 5: Subtask load
[2024-08-28T12:49:31.861+0000] {task_command.py:467} INFO - Running <TaskInstance: tutorial_taskflow_api.load manual__2024-08-28T12:49:26.813060+00:00 [running]> on host 65aafae803e7
[2024-08-28T12:49:31.907+0000] {taskinstance.py:3122} INFO - Exporting env vars: AIRFLOW_CTX_DAG_OWNER='***' AIRFLOW_CTX_DAG_ID='tutorial_taskflow_api' AIRFLOW_CTX_TASK_ID='load' AIRFLOW_CTX_EXECUTION_DATE='2024-08-28T12:49:26.813060+00:00' AIRFLOW_CTX_TRY_NUMBER='1' AIRFLOW_CTX_DAG_RUN_ID='manual__2024-08-28T12:49:26.813060+00:00'
[2024-08-28T12:49:31.908+0000] {logging_mixin.py:190} INFO - Task instance is in running state
[2024-08-28T12:49:31.909+0000] {logging_mixin.py:190} INFO -  Previous state of the Task instance: queued
[2024-08-28T12:49:31.909+0000] {logging_mixin.py:190} INFO - Current task name:load state:running start_date:2024-08-28 12:49:31.817618+00:00
[2024-08-28T12:49:31.910+0000] {logging_mixin.py:190} INFO - Dag name:tutorial_taskflow_api and current dag run status:running
[2024-08-28T12:49:31.910+0000] {taskinstance.py:731} INFO - ::endgroup::
[2024-08-28T12:49:31.911+0000] {logging_mixin.py:190} INFO - Total order value is: 1236.70
[2024-08-28T12:49:31.911+0000] {python.py:240} INFO - Done. Returned value was: None
[2024-08-28T12:49:31.916+0000] {taskinstance.py:340} INFO - ::group::Post task execution logs
[2024-08-28T12:49:31.916+0000] {taskinstance.py:352} INFO - Marking task as SUCCESS. dag_id=tutorial_taskflow_api, task_id=load, run_id=manual__2024-08-28T12:49:26.813060+00:00, execution_date=20240828T124926, start_date=20240828T124931, end_date=20240828T124931
[2024-08-28T12:49:31.921+0000] {logging_mixin.py:190} INFO - Task instance in success state
[2024-08-28T12:49:31.921+0000] {logging_mixin.py:190} INFO -  Previous state of the Task instance: running
[2024-08-28T12:49:31.921+0000] {logging_mixin.py:190} INFO - Dag name:tutorial_taskflow_api queued_at:2024-08-28 12:49:26.838781+00:00
[2024-08-28T12:49:31.922+0000] {logging_mixin.py:190} INFO - Task hostname:65aafae803e7 operator:_PythonDecoratedOperator
[2024-08-28T12:49:31.928+0000] {local_task_job_runner.py:261} INFO - Task exited with return code 0
[2024-08-28T12:49:31.936+0000] {taskinstance.py:3891} INFO - 0 downstream tasks scheduled from follow-on schedule check
[2024-08-28T12:49:31.938+0000] {local_task_job_runner.py:240} INFO - ::endgroup::
