[2024-08-28T12:49:28.987+0000] {local_task_job_runner.py:123} INFO - ::group::Pre task execution logs
[2024-08-28T12:49:28.997+0000] {taskinstance.py:2603} INFO - Dependencies all met for dep_context=non-requeueable deps ti=<TaskInstance: tutorial_taskflow_api.extract manual__2024-08-28T12:49:26.813060+00:00 [queued]>
[2024-08-28T12:49:29.001+0000] {taskinstance.py:2603} INFO - Dependencies all met for dep_context=requeueable deps ti=<TaskInstance: tutorial_taskflow_api.extract manual__2024-08-28T12:49:26.813060+00:00 [queued]>
[2024-08-28T12:49:29.002+0000] {taskinstance.py:2856} INFO - Starting attempt 1 of 1
[2024-08-28T12:49:29.010+0000] {taskinstance.py:2879} INFO - Executing <Task(_PythonDecoratedOperator): extract> on 2024-08-28 12:49:26.813060+00:00
[2024-08-28T12:49:29.015+0000] {warnings.py:112} WARNING - /home/***/.local/lib/python3.12/site-packages/***/task/task_runner/standard_task_runner.py:70: DeprecationWarning: This process (pid=181) is multi-threaded, use of fork() may lead to deadlocks in the child.
  pid = os.fork()

[2024-08-28T12:49:29.016+0000] {standard_task_runner.py:72} INFO - Started process 183 to run task
[2024-08-28T12:49:29.016+0000] {standard_task_runner.py:104} INFO - Running: ['***', 'tasks', 'run', 'tutorial_taskflow_api', 'extract', 'manual__2024-08-28T12:49:26.813060+00:00', '--job-id', '3', '--raw', '--subdir', '/home/***/.local/lib/python3.12/site-packages/***/example_dags/tutorial_taskflow_api.py', '--cfg-path', '/tmp/tmpe79rkuv6']
[2024-08-28T12:49:29.017+0000] {standard_task_runner.py:105} INFO - Job 3: Subtask extract
[2024-08-28T12:49:29.045+0000] {task_command.py:467} INFO - Running <TaskInstance: tutorial_taskflow_api.extract manual__2024-08-28T12:49:26.813060+00:00 [running]> on host 65aafae803e7
[2024-08-28T12:49:29.092+0000] {taskinstance.py:3122} INFO - Exporting env vars: AIRFLOW_CTX_DAG_OWNER='***' AIRFLOW_CTX_DAG_ID='tutorial_taskflow_api' AIRFLOW_CTX_TASK_ID='extract' AIRFLOW_CTX_EXECUTION_DATE='2024-08-28T12:49:26.813060+00:00' AIRFLOW_CTX_TRY_NUMBER='1' AIRFLOW_CTX_DAG_RUN_ID='manual__2024-08-28T12:49:26.813060+00:00'
[2024-08-28T12:49:29.093+0000] {logging_mixin.py:190} INFO - Task instance is in running state
[2024-08-28T12:49:29.094+0000] {logging_mixin.py:190} INFO -  Previous state of the Task instance: queued
[2024-08-28T12:49:29.094+0000] {logging_mixin.py:190} INFO - Current task name:extract state:running start_date:2024-08-28 12:49:28.997710+00:00
[2024-08-28T12:49:29.094+0000] {logging_mixin.py:190} INFO - Dag name:tutorial_taskflow_api and current dag run status:running
[2024-08-28T12:49:29.094+0000] {taskinstance.py:731} INFO - ::endgroup::
[2024-08-28T12:49:29.095+0000] {python.py:240} INFO - Done. Returned value was: {'1001': 301.27, '1002': 433.21, '1003': 502.22}
[2024-08-28T12:49:29.108+0000] {taskinstance.py:340} INFO - ::group::Post task execution logs
[2024-08-28T12:49:29.108+0000] {taskinstance.py:352} INFO - Marking task as SUCCESS. dag_id=tutorial_taskflow_api, task_id=extract, run_id=manual__2024-08-28T12:49:26.813060+00:00, execution_date=20240828T124926, start_date=20240828T124928, end_date=20240828T124929
[2024-08-28T12:49:29.114+0000] {logging_mixin.py:190} INFO - Task instance in success state
[2024-08-28T12:49:29.114+0000] {logging_mixin.py:190} INFO -  Previous state of the Task instance: running
[2024-08-28T12:49:29.114+0000] {logging_mixin.py:190} INFO - Dag name:tutorial_taskflow_api queued_at:2024-08-28 12:49:26.838781+00:00
[2024-08-28T12:49:29.114+0000] {logging_mixin.py:190} INFO - Task hostname:65aafae803e7 operator:_PythonDecoratedOperator
[2024-08-28T12:49:29.149+0000] {local_task_job_runner.py:261} INFO - Task exited with return code 0
[2024-08-28T12:49:29.165+0000] {taskinstance.py:3891} INFO - 1 downstream tasks scheduled from follow-on schedule check
[2024-08-28T12:49:29.166+0000] {local_task_job_runner.py:240} INFO - ::endgroup::
